<?xml version="1.0" encoding="UTF-8"?>
<!-- Generated by org.testng.reporters.JUnitReportReporter -->
<testsuite hostname="LAPTOP-KE553M98" failures="0" tests="3" name="Test.ZerodhaLoginPageTest" time="19.906" errors="0" timestamp="2022-05-06T16:47:42 IST" skipped="0">
  <testcase classname="Test.ZerodhaLoginPageTest" name="clickOnSignUpNewUser" time="2.441"/>
  <system-out/>
  <testcase classname="Test.ZerodhaLoginPageTest" name="LoginWithValidCredentials" time="6.385"/>
  <system-out/>
  <testcase classname="Test.ZerodhaLoginPageTest" name="clickOnForgotPassword" time="11.080"/>
  <system-out/>
</testsuite> <!-- Test.ZerodhaLoginPageTest -->
