<?xml version="1.0" encoding="UTF-8"?>
<!-- Generated by org.testng.reporters.JUnitReportReporter -->
<testsuite hostname="LAPTOP-KE553M98" failures="0" tests="1" name="Test.DemoTest" time="0.015" errors="0" timestamp="2022-05-02T14:41:40 IST" skipped="0">
  <testcase classname="Test.DemoTest" name="Test4" time="0.015"/>
  <system-out/>
</testsuite> <!-- Test.DemoTest -->
