<?xml version="1.0" encoding="UTF-8"?>
<!-- Generated by org.testng.reporters.JUnitReportReporter -->
<testsuite hostname="LAPTOP-KE553M98" failures="0" tests="3" name="Test.ZerodhaSearchAndBuy" time="15.567" errors="0" timestamp="2022-04-29T12:08:38 IST" skipped="0">
  <testcase classname="Test.ZerodhaSearchAndBuy" name="BuyTheShare" time="4.115"/>
  <system-out/>
  <testcase classname="Test.ZerodhaSearchAndBuy" name="buyTheShareForIntraday" time="5.459"/>
  <system-out/>
  <testcase classname="Test.ZerodhaSearchAndBuy" name="SellTheShare" time="5.993"/>
  <system-out/>
</testsuite> <!-- Test.ZerodhaSearchAndBuy -->
