<?xml version="1.0" encoding="UTF-8"?>
<!-- Generated by org.testng.reporters.JUnitReportReporter -->
<testsuite hostname="LAPTOP-KE553M98" failures="0" tests="1" name="Test.ZerodhaLoginTest" time="6.955" errors="0" timestamp="2022-04-27T17:26:13 IST" skipped="0">
  <testcase classname="Test.ZerodhaLoginTest" name="LoginWithValidCredentials" time="6.955"/>
  <system-out/>
</testsuite> <!-- Test.ZerodhaLoginTest -->
